<?xml version="1.0" encoding="UTF-8"?>
<testng-results ignored="0" total="1" passed="1" failed="0" skipped="0">
  <reporter-output>
  </reporter-output>
  <suite started-at="2022-06-23T16:09:41 CDT" name="Default suite" finished-at="2022-06-23T16:09:46 CDT" duration-ms="4443">
    <groups>
    </groups>
    <test started-at="2022-06-23T16:09:41 CDT" name="Default test" finished-at="2022-06-23T16:09:46 CDT" duration-ms="4443">
      <class name="tests.CrearCuentaNuevaTest">
        <test-method is-config="true" signature="beforeClass()[pri:0, instance:tests.CrearCuentaNuevaTest@17046283]" started-at="2022-06-23T16:09:41 CDT" name="beforeClass" finished-at="2022-06-23T16:09:44 CDT" duration-ms="2695" status="PASS">
          <reporter-output>
          </reporter-output>
        </test-method> <!-- beforeClass -->
        <test-method signature="crearCuentaNueva()[pri:0, instance:tests.CrearCuentaNuevaTest@17046283]" started-at="2022-06-23T16:09:44 CDT" name="crearCuentaNueva" finished-at="2022-06-23T16:09:45 CDT" duration-ms="1701" status="PASS">
          <reporter-output>
          </reporter-output>
        </test-method> <!-- crearCuentaNueva -->
      </class> <!-- tests.CrearCuentaNuevaTest -->
    </test> <!-- Default test -->
  </suite> <!-- Default suite -->
</testng-results>
